<?xml version="1.0" encoding="UTF-8"?>
<!-- Generated by org.testng.reporters.JUnitReportReporter -->
<testsuite skipped="0" hostname="ojas-dd588" name="Testng.Datap_multi" tests="2" failures="0" timestamp="24 Aug 2022 09:27:41 GMT" time="15.139" errors="0">
  <testcase name="search" time="7.853" classname="Testng.Datap_multi"/>
  <testcase name="search" time="7.286" classname="Testng.Datap_multi"/>
</testsuite> <!-- Testng.Datap_multi -->
