<?xml version="1.0" encoding="UTF-8"?>
<!-- Generated by org.testng.reporters.JUnitReportReporter -->
<testsuite skipped="0" hostname="ojas-dd588" name="ExcelDataProvider.Data_pp" tests="3" failures="0" timestamp="24 Aug 2022 04:54:50 GMT" time="16.572" errors="0">
  <testcase name="login" time="5.181" classname="ExcelDataProvider.Data_pp"/>
  <testcase name="login" time="5.950" classname="ExcelDataProvider.Data_pp"/>
  <testcase name="login" time="5.441" classname="ExcelDataProvider.Data_pp"/>
</testsuite> <!-- ExcelDataProvider.Data_pp -->
