<?xml version="1.0" encoding="UTF-8"?>
<!-- Generated by org.testng.reporters.JUnitReportReporter -->
<testsuite skipped="0" hostname="ojas-dd588" name="Testng.Cross2" tests="1" failures="0" timestamp="25 Aug 2022 07:24:38 GMT" time="10.700" errors="0">
  <testcase name="launch" time="10.700" classname="Testng.Cross2"/>
</testsuite> <!-- Testng.Cross2 -->
