<?xml version="1.0" encoding="UTF-8"?>
<!-- Generated by org.testng.reporters.JUnitReportReporter -->
<testsuite skipped="0" hostname="ojas-dd588" name="Testng.prioirty" tests="2" failures="0" timestamp="07 Dec 2022 07:09:02 GMT" time="0.006" errors="0">
  <testcase name="chair" time="0.000" classname="Testng.prioirty"/>
  <testcase name="bench" time="0.006" classname="Testng.prioirty"/>
</testsuite> <!-- Testng.prioirty -->
